<?xml version="1.0" encoding="UTF-8"?>
<!-- Generated by org.testng.reporters.JUnitXMLReporter -->
<testsuite ignored="0" hostname="DESKTOP-3E2EL0O" failures="0" tests="5" name="functional" time="91.861" errors="0" timestamp="2022-06-29T12:07:47 IST">
  <testcase classname="Selenium_Practise_3.testCase5" name="getTestCase5" time="24.954"/>
  <testcase classname="Selenium_Practise_3.testCase4" name="getTestCase5" time="44.619"/>
  <testcase classname="Selenium_Practise_3.testCase4" name="getfourthTestCase" time="0.003"/>
  <testcase classname="Selenium_Practise_3.testCase4" name="getfourthTestCase" time="0.008"/>
  <testcase classname="Selenium_Practise_3.testCase4" name="getfourthTestCase" time="0.002"/>
</testsuite> <!-- functional -->
