<?xml version="1.0" encoding="UTF-8"?>
<!-- Generated by org.testng.reporters.JUnitXMLReporter -->
<testsuite ignored="1" hostname="DESKTOP-3E2EL0O" failures="0" tests="3" name="Regression" time="256.311" errors="0" timestamp="2022-06-29T12:10:31 IST">
  <testcase classname="Selenium_Practise_3.testCase7" name="getTestCase7" time="7.891"/>
  <testcase classname="Selenium_Practise_3.testCase6" name="getTestCase6" time="1.196"/>
  <testcase classname="Selenium_Practise_3.testCase8" name="getTestCase8" time="129.654"/>
  <testcase classname="Selenium_Practise_3.testCase1" name="getTestCase1" time="0.0">
    <ignored/>
  </testcase> <!-- getTestCase1 -->
</testsuite> <!-- Regression -->
