<?xml version="1.0" encoding="UTF-8"?>
<!-- Generated by org.testng.reporters.JUnitXMLReporter -->
<testsuite ignored="0" hostname="DESKTOP-3E2EL0O" failures="0" tests="4" name="Smoke" time="75.924" errors="0" timestamp="2022-06-29T12:07:32 IST">
  <testcase classname="Selenium_Practise_3.testCase3" name="getTestCase3" time="9.051"/>
  <testcase classname="Selenium_Practise_3.testCase3" name="getsampleTestCase3" time="0.002"/>
  <testcase classname="Selenium_Practise_3.testCase2" name="getTestCase2" time="25.85"/>
  <testcase classname="Selenium_Practise_3.testCase2" name="getTestCasesecond" time="0.003"/>
</testsuite> <!-- Smoke -->
