<?xml version="1.0" encoding="UTF-8"?>
<!-- Generated by org.testng.reporters.JUnitXMLReporter -->
<testsuite ignored="7" hostname="DESKTOP-3E2EL0O" failures="1" tests="2" name="Test" time="0.099" errors="0" timestamp="2022-06-29T00:14:12 IST">
  <testcase classname="Selenium_Practise_3.testCase3" name="getTestCase3" time="0.021">
    <failure type="java.lang.NullPointerException">
      <![CDATA[java.lang.NullPointerException
at Object_Repository.PageObject3.getcheckBoxText(PageObject3.java:25)
at Selenium_Practise_3.testCase3.getTestCase3(testCase3.java:32)
at java.base/java.util.ArrayList.forEach(ArrayList.java:1541)
... Removed 27 stack frames]]>
    </failure>
  </testcase> <!-- getTestCase3 -->
  <testcase classname="Selenium_Practise_3.testCase5" name="getsampleTestCase5" time="0.0"/>
  <testcase classname="Selenium_Practise_3.testCase4" name="getTestCase5" time="0.0">
    <ignored/>
  </testcase> <!-- getTestCase5 -->
  <testcase classname="Selenium_Practise_3.testCase7" name="getTestCase7" time="0.0">
    <ignored/>
  </testcase> <!-- getTestCase7 -->
  <testcase classname="Selenium_Practise_3.testCase6" name="getTestCase6" time="0.0">
    <ignored/>
  </testcase> <!-- getTestCase6 -->
  <testcase classname="Selenium_Practise_3.testCase8" name="getTestCase8" time="0.0">
    <ignored/>
  </testcase> <!-- getTestCase8 -->
  <testcase classname="Selenium_Practise_3.testCase1" name="getTestCase1" time="0.0">
    <ignored/>
  </testcase> <!-- getTestCase1 -->
  <testcase classname="Selenium_Practise_3.testCase2" name="getTestCase2" time="0.0">
    <ignored/>
  </testcase> <!-- getTestCase2 -->
  <testcase classname="Selenium_Practise_3.testCase5" name="getTestCase5" time="0.0">
    <ignored/>
  </testcase> <!-- getTestCase5 -->
</testsuite> <!-- Test -->
