<?xml version="1.0" encoding="UTF-8"?>
<testng-results ignored="1" total="13" passed="12" failed="0" skipped="0">
  <reporter-output>
  </reporter-output>
  <suite started-at="2022-06-29T12:06:15 IST" name="Suite" finished-at="2022-06-29T12:10:31 IST" duration-ms="256311">
    <groups>
      <group name="smoke">
        <method signature="testCase3.getsampleTestCase3()[pri:0, instance:Selenium_Practise_3.testCase3@1de5f259]" name="getsampleTestCase3" class="Selenium_Practise_3.testCase3"/>
        <method signature="testCase5.getTestCase5()[pri:0, instance:Selenium_Practise_3.testCase5@4b8ee4de]" name="getTestCase5" class="Selenium_Practise_3.testCase5"/>
      </group> <!-- smoke -->
    </groups>
    <test started-at="2022-06-29T12:06:15 IST" name="Smoke" finished-at="2022-06-29T12:07:31 IST" duration-ms="75924">
      <class name="Selenium_Practise_3.testCase3">
        <test-method is-config="true" signature="getInitializeDriver()[pri:0, instance:Selenium_Practise_3.testCase3@1de5f259]" started-at="2022-06-29T12:06:34 IST" name="getInitializeDriver" finished-at="2022-06-29T12:06:51 IST" duration-ms="17068" status="PASS">
          <reporter-output>
          </reporter-output>
        </test-method> <!-- getInitializeDriver -->
        <test-method signature="getTestCase3()[pri:0, instance:Selenium_Practise_3.testCase3@1de5f259]" started-at="2022-06-29T12:06:51 IST" name="getTestCase3" finished-at="2022-06-29T12:07:01 IST" duration-ms="9051" status="PASS">
          <reporter-output>
          </reporter-output>
        </test-method> <!-- getTestCase3 -->
        <test-method signature="getsampleTestCase3()[pri:0, instance:Selenium_Practise_3.testCase3@1de5f259]" started-at="2022-06-29T12:07:01 IST" name="getsampleTestCase3" finished-at="2022-06-29T12:07:01 IST" duration-ms="2" status="PASS">
          <reporter-output>
          </reporter-output>
        </test-method> <!-- getsampleTestCase3 -->
        <test-method is-config="true" signature="getTeardown()[pri:0, instance:Selenium_Practise_3.testCase3@1de5f259]" started-at="2022-06-29T12:07:29 IST" name="getTeardown" finished-at="2022-06-29T12:07:31 IST" duration-ms="2143" status="PASS">
          <reporter-output>
          </reporter-output>
        </test-method> <!-- getTeardown -->
      </class> <!-- Selenium_Practise_3.testCase3 -->
      <class name="Selenium_Practise_3.testCase2">
        <test-method is-config="true" signature="getInitializeDriver()[pri:0, instance:Selenium_Practise_3.testCase2@957e06]" started-at="2022-06-29T12:06:15 IST" name="getInitializeDriver" finished-at="2022-06-29T12:06:34 IST" duration-ms="19625" status="PASS">
          <reporter-output>
          </reporter-output>
        </test-method> <!-- getInitializeDriver -->
        <test-method signature="getTestCase2()[pri:0, instance:Selenium_Practise_3.testCase2@957e06]" started-at="2022-06-29T12:07:01 IST" name="getTestCase2" finished-at="2022-06-29T12:07:26 IST" duration-ms="25850" status="PASS">
          <reporter-output>
          </reporter-output>
        </test-method> <!-- getTestCase2 -->
        <test-method signature="getTestCasesecond(java.lang.String,java.lang.String)[pri:0, instance:Selenium_Practise_3.testCase2@957e06]" started-at="2022-06-29T12:07:26 IST" name="getTestCasesecond" finished-at="2022-06-29T12:07:26 IST" duration-ms="3" status="PASS">
          <params>
            <param index="0">
              <value>
                <![CDATA[qaclickacademy]]>
              </value>
            </param>
            <param index="1">
              <value>
                <![CDATA[12345]]>
              </value>
            </param>
          </params>
          <reporter-output>
          </reporter-output>
        </test-method> <!-- getTestCasesecond -->
        <test-method is-config="true" signature="getTeardown()[pri:0, instance:Selenium_Practise_3.testCase2@957e06]" started-at="2022-06-29T12:07:26 IST" name="getTeardown" finished-at="2022-06-29T12:07:29 IST" duration-ms="2127" status="PASS">
          <reporter-output>
          </reporter-output>
        </test-method> <!-- getTeardown -->
      </class> <!-- Selenium_Practise_3.testCase2 -->
    </test> <!-- Smoke -->
    <test started-at="2022-06-29T12:06:15 IST" name="functional" finished-at="2022-06-29T12:07:47 IST" duration-ms="91861">
      <class name="Selenium_Practise_3.testCase5">
        <test-method signature="getTestCase5()[pri:0, instance:Selenium_Practise_3.testCase5@4b8ee4de]" started-at="2022-06-29T12:06:35 IST" name="getTestCase5" finished-at="2022-06-29T12:07:00 IST" duration-ms="24954" status="PASS">
          <reporter-output>
          </reporter-output>
        </test-method> <!-- getTestCase5 -->
      </class> <!-- Selenium_Practise_3.testCase5 -->
      <class name="Selenium_Practise_3.testCase4">
        <test-method is-config="true" signature="getInitializeDriver()[pri:0, instance:Selenium_Practise_3.testCase4@27f981c6]" started-at="2022-06-29T12:06:15 IST" name="getInitializeDriver" finished-at="2022-06-29T12:06:35 IST" duration-ms="20144" status="PASS">
          <reporter-output>
          </reporter-output>
        </test-method> <!-- getInitializeDriver -->
        <test-method signature="getTestCase5()[pri:0, instance:Selenium_Practise_3.testCase4@27f981c6]" started-at="2022-06-29T12:07:00 IST" name="getTestCase5" finished-at="2022-06-29T12:07:45 IST" duration-ms="44619" status="PASS">
          <reporter-output>
          </reporter-output>
        </test-method> <!-- getTestCase5 -->
        <test-method signature="getfourthTestCase(java.lang.String,java.lang.String)[pri:0, instance:Selenium_Practise_3.testCase4@27f981c6]" started-at="2022-06-29T12:07:45 IST" name="getfourthTestCase" data-provider="getData" finished-at="2022-06-29T12:07:45 IST" duration-ms="3" status="PASS">
          <params>
            <param index="0">
              <value>
                <![CDATA[firstuser]]>
              </value>
            </param>
            <param index="1">
              <value>
                <![CDATA[firstPassword]]>
              </value>
            </param>
          </params>
          <reporter-output>
          </reporter-output>
        </test-method> <!-- getfourthTestCase -->
        <test-method signature="getfourthTestCase(java.lang.String,java.lang.String)[pri:0, instance:Selenium_Practise_3.testCase4@27f981c6]" started-at="2022-06-29T12:07:45 IST" name="getfourthTestCase" data-provider="getData" finished-at="2022-06-29T12:07:45 IST" duration-ms="8" status="PASS">
          <params>
            <param index="0">
              <value>
                <![CDATA[secondUser]]>
              </value>
            </param>
            <param index="1">
              <value>
                <![CDATA[Seconduserpassword]]>
              </value>
            </param>
          </params>
          <reporter-output>
          </reporter-output>
        </test-method> <!-- getfourthTestCase -->
        <test-method signature="getfourthTestCase(java.lang.String,java.lang.String)[pri:0, instance:Selenium_Practise_3.testCase4@27f981c6]" started-at="2022-06-29T12:07:45 IST" name="getfourthTestCase" data-provider="getData" finished-at="2022-06-29T12:07:45 IST" duration-ms="2" status="PASS">
          <params>
            <param index="0">
              <value>
                <![CDATA[thirduser]]>
              </value>
            </param>
            <param index="1">
              <value>
                <![CDATA[thirdpassword]]>
              </value>
            </param>
          </params>
          <reporter-output>
          </reporter-output>
        </test-method> <!-- getfourthTestCase -->
        <test-method is-config="true" signature="getTeardown()[pri:0, instance:Selenium_Practise_3.testCase4@27f981c6]" started-at="2022-06-29T12:07:45 IST" name="getTeardown" finished-at="2022-06-29T12:07:47 IST" duration-ms="1948" status="PASS">
          <reporter-output>
          </reporter-output>
        </test-method> <!-- getTeardown -->
      </class> <!-- Selenium_Practise_3.testCase4 -->
    </test> <!-- functional -->
    <test started-at="2022-06-29T12:06:15 IST" name="Regression" finished-at="2022-06-29T12:10:31 IST" duration-ms="256311">
      <class name="Selenium_Practise_3.testCase8">
        <test-method is-config="true" signature="getInitializeDriver()[pri:0, instance:Selenium_Practise_3.testCase8@3232a28a]" started-at="2022-06-29T12:07:17 IST" name="getInitializeDriver" finished-at="2022-06-29T12:07:46 IST" duration-ms="29320" status="PASS">
          <reporter-output>
          </reporter-output>
        </test-method> <!-- getInitializeDriver -->
        <test-method signature="getTestCase8()[pri:0, instance:Selenium_Practise_3.testCase8@3232a28a]" started-at="2022-06-29T12:07:55 IST" name="getTestCase8" finished-at="2022-06-29T12:10:05 IST" duration-ms="129654" status="PASS">
          <reporter-output>
          </reporter-output>
        </test-method> <!-- getTestCase8 -->
        <test-method is-config="true" signature="getTeardown()[pri:0, instance:Selenium_Practise_3.testCase8@3232a28a]" started-at="2022-06-29T12:10:23 IST" name="getTeardown" finished-at="2022-06-29T12:10:31 IST" duration-ms="7830" status="PASS">
          <reporter-output>
          </reporter-output>
        </test-method> <!-- getTeardown -->
      </class> <!-- Selenium_Practise_3.testCase8 -->
      <class name="Selenium_Practise_3.testCase1">
        <test-method is-config="true" signature="getInitializeDriver()[pri:0, instance:Selenium_Practise_3.testCase1@73e22a3d]" started-at="2022-06-29T12:06:15 IST" name="getInitializeDriver" finished-at="2022-06-29T12:06:34 IST" duration-ms="19115" status="PASS">
          <reporter-output>
          </reporter-output>
        </test-method> <!-- getInitializeDriver -->
        <test-method is-config="true" signature="getTeardown()[pri:0, instance:Selenium_Practise_3.testCase1@73e22a3d]" started-at="2022-06-29T12:10:05 IST" name="getTeardown" finished-at="2022-06-29T12:10:19 IST" duration-ms="14610" status="PASS">
          <reporter-output>
          </reporter-output>
        </test-method> <!-- getTeardown -->
      </class> <!-- Selenium_Practise_3.testCase1 -->
      <class name="Selenium_Practise_3.testCase7">
        <test-method is-config="true" signature="getInitializeDriver()[pri:0, instance:Selenium_Practise_3.testCase7@16610890]" started-at="2022-06-29T12:06:50 IST" name="getInitializeDriver" finished-at="2022-06-29T12:07:17 IST" duration-ms="26633" status="PASS">
          <reporter-output>
          </reporter-output>
        </test-method> <!-- getInitializeDriver -->
        <test-method signature="getTestCase7()[pri:0, instance:Selenium_Practise_3.testCase7@16610890]" started-at="2022-06-29T12:07:46 IST" name="getTestCase7" finished-at="2022-06-29T12:07:54 IST" duration-ms="7891" status="PASS">
          <reporter-output>
          </reporter-output>
        </test-method> <!-- getTestCase7 -->
        <test-method is-config="true" signature="getTeardown()[pri:0, instance:Selenium_Practise_3.testCase7@16610890]" started-at="2022-06-29T12:10:22 IST" name="getTeardown" finished-at="2022-06-29T12:10:23 IST" duration-ms="1299" status="PASS">
          <reporter-output>
          </reporter-output>
        </test-method> <!-- getTeardown -->
      </class> <!-- Selenium_Practise_3.testCase7 -->
      <class name="Selenium_Practise_3.testCase6">
        <test-method is-config="true" signature="getInitializeDriver()[pri:0, instance:Selenium_Practise_3.testCase6@7133da86]" started-at="2022-06-29T12:06:34 IST" name="getInitializeDriver" finished-at="2022-06-29T12:06:50 IST" duration-ms="15999" status="PASS">
          <reporter-output>
          </reporter-output>
        </test-method> <!-- getInitializeDriver -->
        <test-method signature="getTestCase6()[pri:0, instance:Selenium_Practise_3.testCase6@7133da86]" started-at="2022-06-29T12:07:54 IST" name="getTestCase6" finished-at="2022-06-29T12:07:55 IST" duration-ms="1196" status="PASS">
          <reporter-output>
          </reporter-output>
        </test-method> <!-- getTestCase6 -->
        <test-method is-config="true" signature="getTeardown()[pri:0, instance:Selenium_Practise_3.testCase6@7133da86]" started-at="2022-06-29T12:10:19 IST" name="getTeardown" finished-at="2022-06-29T12:10:22 IST" duration-ms="2697" status="PASS">
          <reporter-output>
          </reporter-output>
        </test-method> <!-- getTeardown -->
      </class> <!-- Selenium_Practise_3.testCase6 -->
    </test> <!-- Regression -->
  </suite> <!-- Suite -->
</testng-results>
